<?xml version="1.0" encoding="UTF-8"?>
<!-- Generated by org.testng.reporters.JUnitReportReporter -->
<testsuite skipped="0" hostname="LAPTOP-1DG9OKO7" name="com.actiTime.contactTest.ContactTest" tests="2" failures="0" timestamp="2022-01-25T19:33:34 IST" time="0.008" errors="0">
  <testcase name="contactTest" time="0.001" classname="com.actiTime.contactTest.ContactTest"/>
  <system-out/>
  <testcase name="contactOrgTest" time="0.007" classname="com.actiTime.contactTest.ContactTest"/>
  <system-out/>
</testsuite> <!-- com.actiTime.contactTest.ContactTest -->
