<?xml version="1.0" encoding="UTF-8"?>
<!-- Generated by org.testng.reporters.JUnitReportReporter -->
<testsuite skipped="0" hostname="LAPTOP-1DG9OKO7" name="com.actiTime.OrgTest.OrgTest" tests="2" failures="0" timestamp="2022-02-02T20:59:39 IST" time="0.012" errors="0">
  <testcase name="orgTest" time="0.002" classname="com.actiTime.OrgTest.OrgTest"/>
  <system-out/>
  <testcase name="orgConTest" time="0.010" classname="com.actiTime.OrgTest.OrgTest"/>
  <system-out/>
</testsuite> <!-- com.actiTime.OrgTest.OrgTest -->
